<?xml version="1.0" encoding="UTF-8"?>
<!-- Generated by org.testng.reporters.JUnitXMLReporter -->
<testsuite ignored="0" hostname="Manishs-MBP.hub" failures="1" tests="1" name="Buggy Cars Sort Tests" time="18.943" errors="0" timestamp="2022-07-06T23:19:51 NZST">
  <testcase classname="com.buggy.car.portals.tests.BuggyCarRatingSortTest" name="test_valid_rank_sort" time="6.9">
    <failure type="java.lang.AssertionError" message="Sorting by rank did not sort correctly expected [true] but found [false]">
      <![CDATA[java.lang.AssertionError: Sorting by rank did not sort correctly expected [true] but found [false]
at com.buggy.car.portals.tests.BuggyCarRatingSortTest.test_valid_rank_sort(BuggyCarRatingSortTest.java:42)
at java.base/java.util.ArrayList.forEach(ArrayList.java:1511)
... Removed 30 stack frames]]>
    </failure>
  </testcase> <!-- test_valid_rank_sort -->
</testsuite> <!-- Buggy Cars Sort Tests -->
