<?xml version="1.0" encoding="UTF-8"?>
<!-- Generated by org.testng.reporters.JUnitXMLReporter -->
<testsuite ignored="0" hostname="Manishs-MBP.hub" failures="0" tests="4" name="Buggy Cars Login Tests" time="59.809" errors="0" timestamp="2022-07-06T23:18:49 NZST">
  <testcase classname="com.buggy.car.portals.tests.LoginTest" name="test_blank_username" time="1.715"/>
  <testcase classname="com.buggy.car.portals.tests.LoginTest" name="test_invalid_password" time="2.185"/>
  <testcase classname="com.buggy.car.portals.tests.LoginTest" name="test_invalid_username" time="1.657"/>
  <testcase classname="com.buggy.car.portals.tests.LoginTest" name="test_valid_login" time="2.5"/>
</testsuite> <!-- Buggy Cars Login Tests -->
