<?xml version="1.0" encoding="UTF-8"?>
<!-- Generated by org.testng.reporters.JUnitXMLReporter -->
<testsuite ignored="0" hostname="Manishs-MBP.hub" failures="1" tests="7" name="Test" time="100.361" errors="0" timestamp="2022-07-06T23:37:15 NZST">
  <testcase classname="com.buggy.car.portals.tests.LoginTest" name="test_blank_username" time="1.864"/>
  <testcase classname="com.buggy.car.portals.tests.LoginTest" name="test_invalid_password" time="2.028"/>
  <testcase classname="com.buggy.car.portals.tests.LoginTest" name="test_invalid_username" time="1.564"/>
  <testcase classname="com.buggy.car.portals.tests.LoginTest" name="test_valid_login" time="2.49"/>
  <testcase classname="com.buggy.car.portals.tests.RegisterTest" name="test_valid_register" time="3.602"/>
  <testcase classname="com.buggy.car.portals.tests.BuggyCarsVoteTest" name="test_voting" time="23.049"/>
  <testcase classname="com.buggy.car.portals.tests.BuggyCarRatingSortTest" name="test_valid_rank_sort" time="7.135">
    <failure type="java.lang.AssertionError" message="Sorting by rank did not sort correctly expected [true] but found [false]">
      <![CDATA[java.lang.AssertionError: Sorting by rank did not sort correctly expected [true] but found [false]
at com.buggy.car.portals.tests.BuggyCarRatingSortTest.test_valid_rank_sort(BuggyCarRatingSortTest.java:46)
at java.base/java.util.ArrayList.forEach(ArrayList.java:1511)
... Removed 30 stack frames]]>
    </failure>
  </testcase> <!-- test_valid_rank_sort -->
</testsuite> <!-- Test -->
