<?xml version="1.0" encoding="UTF-8"?>
<testng-results ignored="0" total="1" passed="1" failed="0" skipped="0">
  <reporter-output>
  </reporter-output>
  <suite started-at="2022-07-06T23:49:39 NZST" name="Default suite" finished-at="2022-07-06T23:50:12 NZST" duration-ms="33647">
    <groups>
    </groups>
    <test started-at="2022-07-06T23:49:39 NZST" name="Default test" finished-at="2022-07-06T23:50:12 NZST" duration-ms="33647">
      <class name="com.buggy.car.portals.tests.BuggyCarsVoteTest">
        <test-method is-config="true" signature="setUp()[pri:0, instance:com.buggy.car.portals.tests.BuggyCarsVoteTest@7fc6de5b]" started-at="2022-07-06T23:49:39 NZST" name="setUp" finished-at="2022-07-06T23:49:50 NZST" duration-ms="11109" status="PASS">
          <reporter-output>
          </reporter-output>
        </test-method> <!-- setUp -->
        <test-method signature="test_voting()[pri:0, instance:com.buggy.car.portals.tests.BuggyCarsVoteTest@7fc6de5b]" started-at="2022-07-06T23:49:50 NZST" name="test_voting" finished-at="2022-07-06T23:50:12 NZST" duration-ms="22334" status="PASS">
          <reporter-output>
          </reporter-output>
        </test-method> <!-- test_voting -->
        <test-method is-config="true" signature="tearDown()[pri:0, instance:com.buggy.car.portals.tests.BuggyCarsVoteTest@7fc6de5b]" started-at="2022-07-06T23:50:12 NZST" name="tearDown" finished-at="2022-07-06T23:50:12 NZST" duration-ms="152" status="PASS">
          <reporter-output>
          </reporter-output>
        </test-method> <!-- tearDown -->
      </class> <!-- com.buggy.car.portals.tests.BuggyCarsVoteTest -->
    </test> <!-- Default test -->
  </suite> <!-- Default suite -->
</testng-results>
